<?xml version="1.0" encoding="UTF-8"?>
<!-- Generated by org.testng.reporters.JUnitReportReporter -->
<testsuite hostname="LAPTOP-6CU78GFM" failures="0" tests="2" name="tests.CartTest" time="29.898" errors="0" timestamp="2024-03-16T20:05:23 GMT-04:00" skipped="0">
  <testcase classname="tests.CartTest" name="removeItem" time="14.843"/>
  <system-out>
    <![CDATA[verified loading of home page successfully]]>
  </system-out>
  <testcase classname="tests.CartTest" name="removeItemForAnotherUser" time="15.055"/>
  <system-out>
    <![CDATA[verified loading of home page successfully]]>
  </system-out>
</testsuite> <!-- tests.CartTest -->
