<?xml version="1.0" encoding="UTF-8"?>
<!-- Generated by org.testng.reporters.JUnitReportReporter -->
<testsuite hostname="LAPTOP-6CU78GFM" failures="0" tests="1" name="tests.LoginTest" time="4.680" errors="0" timestamp="2024-03-13T21:21:28 GMT-04:00" skipped="0">
  <testcase classname="tests.LoginTest" name="testValidUsernamePassword" time="4.680"/>
  <system-out>
    <![CDATA[verified loading of home page successfully]]>
  </system-out>
</testsuite> <!-- tests.LoginTest -->
