<?xml version="1.0" encoding="UTF-8"?>
<!-- Generated by org.testng.reporters.JUnitReportReporter -->
<testsuite hostname="LAPTOP-6CU78GFM" failures="0" tests="1" name="tests.HomeTest" time="17.333" errors="0" timestamp="2024-03-15T14:50:34 GMT-04:00" skipped="0">
  <testcase classname="tests.HomeTest" name="removeItem" time="17.333"/>
  <system-out>
    <![CDATA[verified loading of home page successfully]]>
  </system-out>
</testsuite> <!-- tests.HomeTest -->
