<?xml version="1.0" encoding="UTF-8"?>
<!-- Generated by org.testng.reporters.JUnitReportReporter -->
<testsuite hostname="LAPTOP-6CU78GFM" failures="0" tests="2" name="tests.InventoryItemTest" time="18.693" errors="0" timestamp="2024-03-16T20:27:25 GMT-04:00" skipped="0">
  <testcase classname="tests.InventoryItemTest" name="BackToProduct" time="11.908"/>
  <system-out>
    <![CDATA[verified loading of home page successfully
Inventory page loadded]]>
  </system-out>
  <testcase classname="tests.InventoryItemTest" name="addToCard" time="6.785"/>
  <system-out>
    <![CDATA[verified loading of home page successfully
Inventory page loadded]]>
  </system-out>
</testsuite> <!-- tests.InventoryItemTest -->
